{"level":"info","message":"GET /"}
{"level":"info","message":"GET /favicon.ico"}
{"level":"info","message":"POST /api/v1/users/register"}
{"level":"info","message":"POST /api/v1/users/register"}
{"level":"info","message":"POST /api/v1/users/register"}
{"level":"info","message":"POST /api/v1/users/register"}
{"level":"info","message":"POST /api/v1/users/register"}
{"level":"info","message":"POST /api/v1/users/register"}
{"level":"info","message":"POST /api/v1/users/register"}
{"level":"info","message":"POST /api/v1/users/register"}
{"level":"info","message":"POST /api/v1/users/register"}
{"level":"info","message":"POST /api/v1/users/register"}
{"level":"info","message":"POST /api/v1/users/register"}
{"level":"info","message":"POST /api/v1/users/register"}
{"level":"info","message":"POST /api/v1/users/register"}
{"level":"info","message":"POST /api/v1/users/register"}
{"level":"info","message":"POST /api/v1/users/register"}
{"level":"info","message":"POST /api/v1/users/register"}
{"level":"info","message":"POST /api/v1/users/register"}
{"level":"info","message":"POST /api/v1/users/register"}
{"level":"info","message":"POST /api/v1/users/register"}
{"level":"info","message":"POST /api/v1/users/register"}
{"level":"info","message":"POST /api/v1/users/register"}
{"level":"info","message":"POST /api/v1/users/register"}
{"level":"info","message":"POST /api/v1/users/register"}
{"level":"info","message":"POST /api/v1/users/register"}
{"level":"info","message":"POST /api/v1/users/register"}
{"level":"info","message":"POST /api/v1/users/register"}
{"level":"info","message":"POST /api/v1/users/register"}
{"level":"info","message":"POST /api/v1/users/register"}
{"level":"info","message":"POST /api/v1/users/register"}
{"level":"info","message":"POST /api/v1/users/login"}
{"level":"info","message":"POST /api/v1/users/login"}
{"level":"info","message":"POST /api/v1/users/login"}
{"level":"info","message":"POST /api/v1/users/login"}
{"level":"info","message":"POST /api/v1/users/login"}
{"level":"info","message":"POST /api/v1/users/login"}
{"level":"info","message":"GET /"}
{"level":"info","message":"GET /favicon.ico"}
{"level":"info","message":"GET /"}
{"level":"info","message":"GET /favicon.ico"}
{"level":"info","message":"GET /http://localhost:4036/health"}
{"level":"info","message":"GET /health"}
{"level":"info","message":"GET /health"}
{"level":"info","message":"GET /health"}
{"level":"info","message":"GET /health"}
{"level":"info","message":"GET /health"}
{"level":"info","message":"GET /health"}
{"level":"info","message":"GET /health"}
{"level":"info","message":"GET /health"}
{"level":"info","message":"GET /health"}
{"level":"info","message":"DELETE /api/v1/users/delete"}
{"level":"info","message":"DELETE /api/v1/users/"}
{"level":"info","message":"DELETE /api/v1/users/"}
{"level":"info","message":"GET /api/v1/users/"}
{"level":"info","message":"GET /api/v1/users/"}
{"level":"info","message":"GET /api/v1/users/"}
{"level":"info","message":"GET /api/v1/users/"}
{"level":"info","message":"GET /api/v1/users/"}
{"level":"info","message":"GET /api/v1/users/"}
{"level":"info","message":"GET /api/v1/users/"}
{"level":"info","message":"GET /api/v1/users/"}
{"level":"info","message":"GET /api/v1/users/"}
{"level":"info","message":"GET /api/v1/users/"}
{"level":"info","message":"GET /api/v1/users/"}
{"level":"info","message":"GET /api/v1/users/"}
{"level":"info","message":"GET /api/v1/users/"}
{"level":"info","message":"GET /api/v1/users/"}
{"level":"info","message":"GET /api/v1/users/"}
{"level":"info","message":"GET /api/v1/users/"}
{"level":"info","message":"GET /api/v1/users/"}
{"level":"info","message":"GET /api/v1/users/"}
{"level":"info","message":"GET /api/v1/users/"}
{"level":"info","message":"GET /api/v1/users/"}
{"level":"info","message":"GET /api/v1/users/"}
{"level":"info","message":"GET /api/v1/users/"}
{"level":"info","message":"GET /api/v1/users/"}
{"level":"info","message":"GET /api/v1/users/"}
{"level":"info","message":"GET /api/v1/users/"}
{"level":"info","message":"GET /api/v1/users/"}
{"level":"info","message":"GET /api/v1/users/"}
{"level":"info","message":"GET /api/v1/users/"}
{"level":"info","message":"GET /api/v1/users/"}
{"level":"info","message":"GET /api/v1/users/"}
{"level":"info","message":"GET /api/v1/users/"}
{"level":"info","message":"GET /api/v1/users/"}
{"level":"info","message":"GET /api/v1/users/"}
{"level":"info","message":"GET /api/v1/users/"}
{"level":"info","message":"GET /api/v1/users/"}
{"level":"info","message":"GET /api/v1/users/"}
{"level":"info","message":"GET /health"}
{"level":"info","message":"GET /favicon.ico"}
{"level":"info","message":"POST /api/v1/create"}
{"level":"info","message":"POST /api/v1/create"}
{"level":"info","message":"GET /health"}
{"level":"info","message":"POST /health"}
{"level":"info","message":"POST /health"}
{"level":"info","message":"POST /api/v1/create"}
{"level":"info","message":"POST /api/v1/register"}
{"level":"info","message":"POST /api/v1/register"}
{"level":"info","message":"POST /register"}
{"level":"info","message":"POST /api/v1/register"}
{"level":"info","message":"POST /api/v1/users/register"}
{"level":"info","message":"POST /api/v1/users/register"}
{"level":"info","message":"POST /api/v1/users/register"}
{"level":"info","message":"POST /api/v1/users/register"}
